<?xml version="1.0" encoding="UTF-8"?>
<!-- Generated by org.testng.reporters.JUnitReportReporter -->
<testsuite hostname="LAPTOP-RGA3EA68" failures="0" tests="2" name="rahulshettyacademy.tests.NewApplication" time="29.876" errors="0" timestamp="2024-02-11T18:11:59 IST" skipped="0">
  <testcase classname="rahulshettyacademy.tests.NewApplication" name="submitOrder" time="15.405"/>
  <system-out/>
  <testcase classname="rahulshettyacademy.tests.NewApplication" name="submitOrder" time="14.471"/>
  <system-out/>
</testsuite> <!-- rahulshettyacademy.tests.NewApplication -->
